
info: Dec-28-2021 21:45:53: 	Server started and running on port 3200
info: Dec-28-2021 21:45:55: 	Server started and running on port 3200
info: Dec-28-2021 21:47:50: 	Server started and running on port 3200
info: Dec-28-2021 21:47:59: 	Server started and running on port 3200
error: Dec-28-2021 21:48:04: 	500 - undefined - y is not defined - /calc - GET - ::1
info: Dec-28-2021 21:48:16: 	Server started and running on port 3200
error: Dec-28-2021 21:48:18: 	500 - undefined - y is not defined - /calc - GET - ::1
info: Dec-28-2021 21:48:45: 	Server started and running on port 3200
info: Dec-28-2021 21:49:18: 	Server started and running on port 3200
info: Dec-28-2021 21:50:13: 	Server started and running on port 3200
info: Dec-28-2021 21:51:28: 	Server started and running on port 3200
info: Dec-28-2021 21:51:47: 	Server started and running on port 3200
info: Dec-28-2021 21:52:30: 	Server started and running on port 3200
info: Dec-28-2021 21:54:07: 	Server started and running on port 3200
info: Dec-28-2021 21:54:31: 	Server started and running on port 3200
info: Dec-28-2021 21:54:50: 	Server started and running on port 3200
error: Dec-28-2021 21:54:58: 	500 - undefined - y is not defined - /calc - GET - ::1
info: Dec-28-2021 22:01:39: 	Server started and running on port 3200
info: Dec-28-2021 22:01:43: 	Server started and running on port 3200
error: Dec-28-2021 22:01:45: 	500 - undefined - y is not defined - /calc - GET - ::1
info: Dec-28-2021 22:02:58: 	Server started and running on port 3200
info: Dec-28-2021 22:03:24: 	Server started and running on port 3200
info: Dec-28-2021 22:03:38: 	Server started and running on port 3200
info: Dec-28-2021 22:04:34: 	Server started and running on port 3200
info: Dec-28-2021 22:04:47: 	Server started and running on port 3200
info: Dec-28-2021 22:04:59: 	Server started and running on port 3200
error: Dec-28-2021 22:05:05: 	404 || undefined - /calcsd - GET - ::1
error: Dec-28-2021 22:05:20: 	500 - undefined - y is not defined - /calc - GET - ::1
info: Dec-28-2021 22:06:46: 	Server started and running on port 3200
error: Dec-28-2021 22:10:59: 	404 || undefined - / - GET - ::1
info: Dec-28-2021 22:20:10: 	Server started and running on port 3200
error: Dec-28-2021 22:20:19: 	404 || undefined - / - GET - ::1
error: Dec-28-2021 22:20:47: 	404 || undefined - /users - GET - ::1
error: Dec-28-2021 22:21:15: 	404 || undefined - /about - GET - ::1
info: Dec-28-2021 22:22:52: 	Server started and running on port 3200
error: Dec-28-2021 22:23:04: 	404 || undefined - /users - GET - ::1
error: Dec-28-2021 22:23:08: 	404 || undefined - /about - GET - ::1
info: Dec-28-2021 22:23:21: 	Server started and running on port 3200
info: Dec-28-2021 22:23:32: 	Server started and running on port 3200
info: Dec-28-2021 22:23:34: 	::1 - - [29/Dec/2021:03:23:34 +0000] "GET /about HTTP/1.1" 200 15 "-" "Mozilla/5.0 (Macintosh; Intel Mac OS X 10_15_7) AppleWebKit/605.1.15 (KHTML, like Gecko) Version/15.0 Safari/605.1.15"

info: Dec-28-2021 22:24:23: 	Server started and running on port 3200
info: Dec-28-2021 22:26:09: 	Server started and running on port 3200
info: Dec-28-2021 22:27:29: 	Server started and running on port 3200
info: Dec-28-2021 22:27:39: 	Server started and running on port 3200
info: Dec-28-2021 22:27:42: 	::1 - - [29/Dec/2021:03:27:42 +0000] "GET /about HTTP/1.1" 200 15 "-" "Mozilla/5.0 (Macintosh; Intel Mac OS X 10_15_7) AppleWebKit/605.1.15 (KHTML, like Gecko) Version/15.0 Safari/605.1.15"

info: Dec-28-2021 22:27:54: 	Server started and running on port 3200
error: Dec-28-2021 22:27:55: 	404 || Not Found - /about - GET - ::1
info: Dec-28-2021 22:28:23: 	Server started and running on port 3200
error: Dec-28-2021 22:28:25: 	404 || Not Found - /about - GET - ::1
error: Dec-28-2021 22:28:26: 	404 || Not Found - /about - GET - ::1
info: Dec-28-2021 22:30:31: 	Server started and running on port 3200
info: Dec-28-2021 22:30:34: 	::1 - - [29/Dec/2021:03:30:34 +0000] "GET /about HTTP/1.1" 200 15 "-" "Mozilla/5.0 (Macintosh; Intel Mac OS X 10_15_7) AppleWebKit/605.1.15 (KHTML, like Gecko) Version/15.0 Safari/605.1.15"

error: Dec-28-2021 22:30:37: 	404 || Not Found - /aboutsd - GET - ::1
info: Dec-28-2021 22:30:37: 	::1 - - [29/Dec/2021:03:30:37 +0000] "GET /aboutsd HTTP/1.1" 404 14 "-" "Mozilla/5.0 (Macintosh; Intel Mac OS X 10_15_7) AppleWebKit/605.1.15 (KHTML, like Gecko) Version/15.0 Safari/605.1.15"

info: Dec-28-2021 22:34:28: 	Server started and running on port 3200
error: Dec-28-2021 22:34:30: 	404 || Not Found - /aboutsd - GET - ::1
info: Dec-28-2021 22:34:30: 	::1 - - [29/Dec/2021:03:34:30 +0000] "GET /aboutsd HTTP/1.1" 404 14 "-" "Mozilla/5.0 (Macintosh; Intel Mac OS X 10_15_7) AppleWebKit/605.1.15 (KHTML, like Gecko) Version/15.0 Safari/605.1.15"

info: Dec-28-2021 22:34:32: 	::1 - - [29/Dec/2021:03:34:32 +0000] "GET /about HTTP/1.1" 304 - "-" "Mozilla/5.0 (Macintosh; Intel Mac OS X 10_15_7) AppleWebKit/605.1.15 (KHTML, like Gecko) Version/15.0 Safari/605.1.15"

info: Dec-28-2021 22:34:32: 	::1 - - [29/Dec/2021:03:34:32 +0000] "GET /about HTTP/1.1" 304 - "-" "Mozilla/5.0 (Macintosh; Intel Mac OS X 10_15_7) AppleWebKit/605.1.15 (KHTML, like Gecko) Version/15.0 Safari/605.1.15"

info: Dec-28-2021 22:34:36: 	::1 - - [29/Dec/2021:03:34:36 +0000] "GET /users HTTP/1.1" 200 81 "-" "Mozilla/5.0 (Macintosh; Intel Mac OS X 10_15_7) AppleWebKit/605.1.15 (KHTML, like Gecko) Version/15.0 Safari/605.1.15"

info: Dec-28-2021 22:36:39: 	Server started and running on port 3200
error: Dec-28-2021 22:36:51: 	404 || Not Found - / - GET - ::1
info: Dec-28-2021 22:36:51: 	[0mGET / [33m404[0m 4.931 ms - 14[0m

info: Dec-28-2021 22:36:57: 	[0mGET /users [36m304[0m 46.461 ms - -[0m

error: Dec-28-2021 22:36:57: 	404 || Not Found - /user/ - GET - ::1
info: Dec-28-2021 22:36:57: 	[0mGET /user/ [33m404[0m 0.655 ms - 14[0m

info: Dec-28-2021 22:37:01: 	[0mGET /users [36m304[0m 2.773 ms - -[0m

info: Dec-28-2021 22:37:29: 	Server started and running on port 3200
info: Dec-28-2021 22:41:22: 	Server started and running on port 3200
